<?xml version="1.0" encoding="UTF-8"?>
<coverage generated="1486959343">
  <project timestamp="1486959343">
    <package name="PHPOnCouch\Adapter">
      <file name="/home/alexis/repo/popojargo/PHP-on-Couch/src/Adapter/AbstractCouchHttpAdapter.php">
        <class name="AbstractCouchHttpAdapter" namespace="PHPOnCouch\Adapter">
          <metrics complexity="12" methods="8" coveredmethods="3" conditionals="0" coveredconditionals="0" statements="12" coveredstatements="6" elements="20" coveredelements="9"/>
        </class>
        <line num="50" type="method" name="setDsn" visibility="public" complexity="1" crap="1" count="5"/>
        <line num="51" type="stmt" count="5"/>
        <line num="52" type="stmt" count="5"/>
        <line num="54" type="method" name="getDsn" visibility="public" complexity="1" crap="2" count="0"/>
        <line num="55" type="stmt" count="0"/>
        <line num="58" type="method" name="setOptions" visibility="public" complexity="1" crap="1" count="5"/>
        <line num="59" type="stmt" count="5"/>
        <line num="60" type="stmt" count="5"/>
        <line num="62" type="method" name="getOptions" visibility="public" complexity="1" crap="2" count="0"/>
        <line num="63" type="stmt" count="0"/>
        <line num="66" type="method" name="__construct" visibility="public" complexity="1" crap="1" count="5"/>
        <line num="67" type="stmt" count="5"/>
        <line num="68" type="stmt" count="5"/>
        <line num="78" type="method" name="setSessionCookie" visibility="public" complexity="1" crap="2" count="0"/>
        <line num="79" type="stmt" count="0"/>
        <line num="80" type="stmt" count="0"/>
        <line num="88" type="method" name="getSessionCookie" visibility="public" complexity="1" crap="2" count="0"/>
        <line num="89" type="stmt" count="0"/>
        <line num="97" type="method" name="hasSessionCookie" visibility="public" complexity="1" crap="2" count="0"/>
        <line num="98" type="stmt" count="0"/>
        <metrics loc="108" ncloc="61" classes="1" methods="8" coveredmethods="3" conditionals="0" coveredconditionals="0" statements="12" coveredstatements="6" elements="20" coveredelements="9"/>
      </file>
      <file name="/home/alexis/repo/popojargo/PHP-on-Couch/src/Adapter/CouchHttpAdapterCurl.php">
        <class name="CouchHttpAdapterCurl" namespace="PHPOnCouch\Adapter">
          <metrics complexity="28" methods="7" coveredmethods="0" conditionals="0" coveredconditionals="0" statements="87" coveredstatements="28" elements="94" coveredelements="28"/>
        </class>
        <line num="37" type="method" name="initSocketAdapter" visibility="protected" complexity="1" crap="2" count="0"/>
        <line num="38" type="stmt" count="0"/>
        <line num="39" type="stmt" count="0"/>
        <line num="41" type="method" name="continuousQuery" visibility="public" complexity="2" crap="6" count="0"/>
        <line num="42" type="stmt" count="0"/>
        <line num="43" type="stmt" count="0"/>
        <line num="45" type="stmt" count="0"/>
        <line num="51" type="method" name="addCustomOptions" visibility="protected" complexity="3" crap="3.33" count="5"/>
        <line num="52" type="stmt" count="5"/>
        <line num="53" type="stmt" count="0"/>
        <line num="55" type="stmt" count="5"/>
        <line num="67" type="method" name="buildRequest" visibility="protected" complexity="7" crap="7.27" count="5"/>
        <line num="68" type="stmt" count="5"/>
        <line num="69" type="stmt" count="5"/>
        <line num="70" type="stmt" count="5"/>
        <line num="71" type="stmt" count="1"/>
        <line num="73" type="stmt" count="5"/>
        <line num="74" type="stmt" count="0"/>
        <line num="76" type="stmt" count="5"/>
        <line num="78" type="stmt" count="5"/>
        <line num="79" type="stmt" count="0"/>
        <line num="81" type="stmt" count="5"/>
        <line num="83" type="stmt" count="5"/>
        <line num="84" type="stmt" count="0"/>
        <line num="85" type="stmt" count="5"/>
        <line num="86" type="stmt" count="1"/>
        <line num="88" type="stmt" count="5"/>
        <line num="89" type="stmt" count="5"/>
        <line num="90" type="stmt" count="5"/>
        <line num="107" type="method" name="query" visibility="public" complexity="4" crap="4.01" count="5"/>
        <line num="108" type="stmt" count="5"/>
        <line num="109" type="stmt" count="0"/>
        <line num="111" type="stmt" count="5"/>
        <line num="112" type="stmt" count="5"/>
        <line num="113" type="stmt" count="1"/>
        <line num="114" type="stmt" count="5"/>
        <line num="115" type="stmt" count="5"/>
        <line num="116" type="stmt" count="5"/>
        <line num="117" type="stmt" count="5"/>
        <line num="118" type="stmt" count="5"/>
        <line num="120" type="stmt" count="5"/>
        <line num="121" type="stmt" count="5"/>
        <line num="123" type="stmt" count="5"/>
        <line num="138" type="method" name="storeFile" visibility="public" complexity="7" crap="56" count="0"/>
        <line num="139" type="stmt" count="0"/>
        <line num="140" type="stmt" count="0"/>
        <line num="141" type="stmt" count="0"/>
        <line num="142" type="stmt" count="0"/>
        <line num="143" type="stmt" count="0"/>
        <line num="144" type="stmt" count="0"/>
        <line num="145" type="stmt" count="0"/>
        <line num="146" type="stmt" count="0"/>
        <line num="148" type="stmt" count="0"/>
        <line num="149" type="stmt" count="0"/>
        <line num="150" type="stmt" count="0"/>
        <line num="152" type="stmt" count="0"/>
        <line num="153" type="stmt" count="0"/>
        <line num="155" type="stmt" count="0"/>
        <line num="156" type="stmt" count="0"/>
        <line num="157" type="stmt" count="0"/>
        <line num="158" type="stmt" count="0"/>
        <line num="159" type="stmt" count="0"/>
        <line num="160" type="stmt" count="0"/>
        <line num="161" type="stmt" count="0"/>
        <line num="162" type="stmt" count="0"/>
        <line num="163" type="stmt" count="0"/>
        <line num="164" type="stmt" count="0"/>
        <line num="165" type="stmt" count="0"/>
        <line num="166" type="stmt" count="0"/>
        <line num="167" type="stmt" count="0"/>
        <line num="168" type="stmt" count="0"/>
        <line num="183" type="method" name="storeAsFile" visibility="public" complexity="4" crap="20" count="0"/>
        <line num="184" type="stmt" count="0"/>
        <line num="185" type="stmt" count="0"/>
        <line num="186" type="stmt" count="0"/>
        <line num="187" type="stmt" count="0"/>
        <line num="188" type="stmt" count="0"/>
        <line num="189" type="stmt" count="0"/>
        <line num="191" type="stmt" count="0"/>
        <line num="192" type="stmt" count="0"/>
        <line num="193" type="stmt" count="0"/>
        <line num="194" type="stmt" count="0"/>
        <line num="196" type="stmt" count="0"/>
        <line num="197" type="stmt" count="0"/>
        <line num="199" type="stmt" count="0"/>
        <line num="200" type="stmt" count="0"/>
        <line num="201" type="stmt" count="0"/>
        <line num="202" type="stmt" count="0"/>
        <line num="203" type="stmt" count="0"/>
        <line num="204" type="stmt" count="0"/>
        <line num="205" type="stmt" count="0"/>
        <line num="206" type="stmt" count="0"/>
        <line num="207" type="stmt" count="0"/>
        <line num="208" type="stmt" count="0"/>
        <metrics loc="211" ncloc="135" classes="1" methods="7" coveredmethods="0" conditionals="0" coveredconditionals="0" statements="87" coveredstatements="28" elements="94" coveredelements="28"/>
      </file>
      <file name="/home/alexis/repo/popojargo/PHP-on-Couch/src/Adapter/CouchHttpAdapterSocket.php">
        <class name="CouchHttpAdapterSocket" namespace="PHPOnCouch\Adapter">
          <metrics complexity="50" methods="9" coveredmethods="0" conditionals="0" coveredconditionals="0" statements="124" coveredstatements="0" elements="133" coveredelements="0"/>
        </class>
        <line num="42" type="method" name="connect" visibility="protected" complexity="3" crap="12" count="0"/>
        <line num="43" type="stmt" count="0"/>
        <line num="44" type="stmt" count="0"/>
        <line num="45" type="stmt" count="0"/>
        <line num="46" type="stmt" count="0"/>
        <line num="47" type="stmt" count="0"/>
        <line num="48" type="stmt" count="0"/>
        <line num="50" type="stmt" count="0"/>
        <line num="59" type="method" name="execute" visibility="protected" complexity="2" crap="6" count="0"/>
        <line num="60" type="stmt" count="0"/>
        <line num="61" type="stmt" count="0"/>
        <line num="62" type="stmt" count="0"/>
        <line num="63" type="stmt" count="0"/>
        <line num="64" type="stmt" count="0"/>
        <line num="70" type="method" name="disconnect" visibility="protected" complexity="1" crap="2" count="0"/>
        <line num="71" type="stmt" count="0"/>
        <line num="72" type="stmt" count="0"/>
        <line num="73" type="stmt" count="0"/>
        <line num="90" type="method" name="startRequestHeaders" visibility="protected" complexity="5" crap="30" count="0"/>
        <line num="91" type="stmt" count="0"/>
        <line num="92" type="stmt" count="0"/>
        <line num="93" type="stmt" count="0"/>
        <line num="94" type="stmt" count="0"/>
        <line num="95" type="stmt" count="0"/>
        <line num="96" type="stmt" count="0"/>
        <line num="97" type="stmt" count="0"/>
        <line num="98" type="stmt" count="0"/>
        <line num="100" type="stmt" count="0"/>
        <line num="102" type="stmt" count="0"/>
        <line num="114" type="method" name="buildRequest" visibility="protected" complexity="6" crap="42" count="0"/>
        <line num="115" type="stmt" count="0"/>
        <line num="116" type="stmt" count="0"/>
        <line num="117" type="stmt" count="0"/>
        <line num="118" type="stmt" count="0"/>
        <line num="119" type="stmt" count="0"/>
        <line num="121" type="stmt" count="0"/>
        <line num="123" type="stmt" count="0"/>
        <line num="124" type="stmt" count="0"/>
        <line num="125" type="stmt" count="0"/>
        <line num="126" type="stmt" count="0"/>
        <line num="127" type="stmt" count="0"/>
        <line num="129" type="stmt" count="0"/>
        <line num="131" type="stmt" count="0"/>
        <line num="147" type="method" name="query" visibility="public" complexity="5" crap="30" count="0"/>
        <line num="148" type="stmt" count="0"/>
        <line num="149" type="stmt" count="0"/>
        <line num="151" type="stmt" count="0"/>
        <line num="152" type="stmt" count="0"/>
        <line num="154" type="stmt" count="0"/>
        <line num="155" type="stmt" count="0"/>
        <line num="156" type="stmt" count="0"/>
        <line num="158" type="stmt" count="0"/>
        <line num="159" type="stmt" count="0"/>
        <line num="163" type="stmt" count="0"/>
        <line num="188" type="method" name="continuousQuery" visibility="public" complexity="17" crap="306" count="0"/>
        <line num="189" type="stmt" count="0"/>
        <line num="190" type="stmt" count="0"/>
        <line num="191" type="stmt" count="0"/>
        <line num="192" type="stmt" count="0"/>
        <line num="193" type="stmt" count="0"/>
        <line num="194" type="stmt" count="0"/>
        <line num="196" type="stmt" count="0"/>
        <line num="197" type="stmt" count="0"/>
        <line num="198" type="stmt" count="0"/>
        <line num="201" type="stmt" count="0"/>
        <line num="202" type="stmt" count="0"/>
        <line num="203" type="stmt" count="0"/>
        <line num="204" type="stmt" count="0"/>
        <line num="205" type="stmt" count="0"/>
        <line num="206" type="stmt" count="0"/>
        <line num="207" type="stmt" count="0"/>
        <line num="209" type="stmt" count="0"/>
        <line num="210" type="stmt" count="0"/>
        <line num="213" type="stmt" count="0"/>
        <line num="214" type="stmt" count="0"/>
        <line num="215" type="stmt" count="0"/>
        <line num="216" type="stmt" count="0"/>
        <line num="218" type="stmt" count="0"/>
        <line num="219" type="stmt" count="0"/>
        <line num="220" type="stmt" count="0"/>
        <line num="221" type="stmt" count="0"/>
        <line num="222" type="stmt" count="0"/>
        <line num="226" type="stmt" count="0"/>
        <line num="227" type="stmt" count="0"/>
        <line num="228" type="stmt" count="0"/>
        <line num="229" type="stmt" count="0"/>
        <line num="230" type="stmt" count="0"/>
        <line num="231" type="stmt" count="0"/>
        <line num="232" type="stmt" count="0"/>
        <line num="233" type="stmt" count="0"/>
        <line num="234" type="stmt" count="0"/>
        <line num="235" type="stmt" count="0"/>
        <line num="236" type="stmt" count="0"/>
        <line num="237" type="stmt" count="0"/>
        <line num="238" type="stmt" count="0"/>
        <line num="239" type="stmt" count="0"/>
        <line num="244" type="stmt" count="0"/>
        <line num="259" type="method" name="storeFile" visibility="public" complexity="7" crap="56" count="0"/>
        <line num="261" type="stmt" count="0"/>
        <line num="262" type="stmt" count="0"/>
        <line num="263" type="stmt" count="0"/>
        <line num="264" type="stmt" count="0"/>
        <line num="265" type="stmt" count="0"/>
        <line num="266" type="stmt" count="0"/>
        <line num="267" type="stmt" count="0"/>
        <line num="268" type="stmt" count="0"/>
        <line num="269" type="stmt" count="0"/>
        <line num="270" type="stmt" count="0"/>
        <line num="271" type="stmt" count="0"/>
        <line num="272" type="stmt" count="0"/>
        <line num="273" type="stmt" count="0"/>
        <line num="274" type="stmt" count="0"/>
        <line num="275" type="stmt" count="0"/>
        <line num="276" type="stmt" count="0"/>
        <line num="277" type="stmt" count="0"/>
        <line num="278" type="stmt" count="0"/>
        <line num="279" type="stmt" count="0"/>
        <line num="294" type="method" name="storeAsFile" visibility="public" complexity="4" crap="20" count="0"/>
        <line num="295" type="stmt" count="0"/>
        <line num="296" type="stmt" count="0"/>
        <line num="297" type="stmt" count="0"/>
        <line num="298" type="stmt" count="0"/>
        <line num="300" type="stmt" count="0"/>
        <line num="301" type="stmt" count="0"/>
        <line num="302" type="stmt" count="0"/>
        <line num="303" type="stmt" count="0"/>
        <line num="304" type="stmt" count="0"/>
        <line num="305" type="stmt" count="0"/>
        <line num="306" type="stmt" count="0"/>
        <line num="307" type="stmt" count="0"/>
        <line num="308" type="stmt" count="0"/>
        <line num="309" type="stmt" count="0"/>
        <line num="310" type="stmt" count="0"/>
        <metrics loc="313" ncloc="175" classes="1" methods="9" coveredmethods="0" conditionals="0" coveredconditionals="0" statements="124" coveredstatements="0" elements="133" coveredelements="0"/>
      </file>
    </package>
    <file name="/home/alexis/repo/popojargo/PHP-on-Couch/src/Adapter/CouchHttpAdapterInterface.php">
      <metrics loc="55" ncloc="35" classes="0" methods="0" coveredmethods="0" conditionals="0" coveredconditionals="0" statements="0" coveredstatements="0" elements="0" coveredelements="0"/>
    </file>
    <package name="PHPOnCouch">
      <file name="/home/alexis/repo/popojargo/PHP-on-Couch/src/Couch.php">
        <class name="Couch" namespace="PHPOnCouch">
          <metrics complexity="24" methods="13" coveredmethods="3" conditionals="0" coveredconditionals="0" statements="51" coveredstatements="33" elements="64" coveredelements="36"/>
        </class>
        <line num="62" type="method" name="__construct" visibility="public" complexity="3" crap="3.02" count="5"/>
        <line num="63" type="stmt" count="5"/>
        <line num="64" type="stmt" count="5"/>
        <line num="65" type="stmt" count="5"/>
        <line num="66" type="stmt" count="5"/>
        <line num="67" type="stmt" count="0"/>
        <line num="69" type="stmt" count="5"/>
        <line num="70" type="stmt" count="5"/>
        <line num="72" type="stmt" count="5"/>
        <line num="78" type="method" name="getAdapter" visibility="public" complexity="2" crap="2" count="5"/>
        <line num="79" type="stmt" count="5"/>
        <line num="80" type="stmt" count="5"/>
        <line num="82" type="stmt" count="5"/>
        <line num="89" type="method" name="setAdapter" visibility="public" complexity="1" crap="2" count="0"/>
        <line num="90" type="stmt" count="0"/>
        <line num="91" type="stmt" count="0"/>
        <line num="98" type="method" name="initAdapter" visibility="public" complexity="3" crap="3.14" count="5"/>
        <line num="99" type="stmt" count="5"/>
        <line num="100" type="stmt" count="0"/>
        <line num="101" type="stmt" count="5"/>
        <line num="102" type="stmt" count="5"/>
        <line num="104" type="stmt" count="0"/>
        <line num="105" type="stmt" count="5"/>
        <line num="106" type="stmt" count="5"/>
        <line num="107" type="stmt" count="5"/>
        <line num="115" type="method" name="dsn" visibility="public" complexity="1" crap="1" count="5"/>
        <line num="116" type="stmt" count="5"/>
        <line num="124" type="method" name="options" visibility="public" complexity="1" crap="2" count="0"/>
        <line num="125" type="stmt" count="0"/>
        <line num="135" type="method" name="setSessionCookie" visibility="public" complexity="1" crap="2" count="0"/>
        <line num="136" type="stmt" count="0"/>
        <line num="147" type="method" name="dsnPart" visibility="public" complexity="3" crap="12" count="0"/>
        <line num="148" type="stmt" count="0"/>
        <line num="149" type="stmt" count="0"/>
        <line num="151" type="stmt" count="0"/>
        <line num="152" type="stmt" count="0"/>
        <line num="154" type="stmt" count="0"/>
        <line num="172" type="method" name="parseRawResponse" visibility="public" complexity="5" crap="5.12" count="5"/>
        <line num="173" type="stmt" count="5"/>
        <line num="174" type="stmt" count="0"/>
        <line num="175" type="stmt" count="5"/>
        <line num="176" type="stmt" count="5"/>
        <line num="177" type="stmt" count="0"/>
        <line num="179" type="stmt" count="5"/>
        <line num="180" type="stmt" count="5"/>
        <line num="181" type="stmt" count="5"/>
        <line num="182" type="stmt" count="5"/>
        <line num="183" type="stmt" count="5"/>
        <line num="184" type="stmt" count="5"/>
        <line num="185" type="stmt" count="5"/>
        <line num="186" type="stmt" count="5"/>
        <line num="187" type="stmt" count="5"/>
        <line num="188" type="stmt" count="5"/>
        <line num="189" type="stmt" count="5"/>
        <line num="191" type="stmt" count="0"/>
        <line num="193" type="stmt" count="5"/>
        <line num="208" type="method" name="query" visibility="public" complexity="1" crap="1" count="5"/>
        <line num="209" type="stmt" count="5"/>
        <line num="221" type="method" name="storeFile" visibility="public" complexity="1" crap="2" count="0"/>
        <line num="222" type="stmt" count="0"/>
        <line num="234" type="method" name="storeAsFile" visibility="public" complexity="1" crap="2" count="0"/>
        <line num="235" type="stmt" count="0"/>
        <line num="260" type="method" name="continuousQuery" visibility="public" complexity="1" crap="2" count="0"/>
        <line num="261" type="stmt" count="0"/>
        <metrics loc="264" ncloc="121" classes="1" methods="13" coveredmethods="3" conditionals="0" coveredconditionals="0" statements="51" coveredstatements="33" elements="64" coveredelements="36"/>
      </file>
      <file name="/home/alexis/repo/popojargo/PHP-on-Couch/src/CouchAdmin.php">
        <class name="CouchAdmin" namespace="PHPOnCouch">
          <metrics complexity="103" methods="27" coveredmethods="7" conditionals="0" coveredconditionals="0" statements="229" coveredstatements="113" elements="256" coveredelements="120"/>
        </class>
        <line num="58" type="method" name="__construct" visibility="public" complexity="5" crap="30" count="0"/>
        <line num="59" type="stmt" count="0"/>
        <line num="60" type="stmt" count="0"/>
        <line num="61" type="stmt" count="0"/>
        <line num="62" type="stmt" count="0"/>
        <line num="63" type="stmt" count="0"/>
        <line num="64" type="stmt" count="0"/>
        <line num="66" type="stmt" count="0"/>
        <line num="67" type="stmt" count="0"/>
        <line num="68" type="stmt" count="0"/>
        <line num="75" type="method" name="setUsersDatabase" visibility="public" complexity="1" crap="1" count="1"/>
        <line num="76" type="stmt" count="1"/>
        <line num="77" type="stmt" count="1"/>
        <line num="85" type="method" name="getUsersDatabase" visibility="public" complexity="1" crap="1" count="1"/>
        <line num="86" type="stmt" count="1"/>
        <line num="89" type="method" name="_buildUrl" visibility="private" complexity="5" crap="30" count="0"/>
        <line num="90" type="stmt" count="0"/>
        <line num="91" type="stmt" count="0"/>
        <line num="92" type="stmt" count="0"/>
        <line num="93" type="stmt" count="0"/>
        <line num="94" type="stmt" count="0"/>
        <line num="96" type="stmt" count="0"/>
        <line num="98" type="stmt" count="0"/>
        <line num="99" type="stmt" count="0"/>
        <line num="100" type="stmt" count="0"/>
        <line num="102" type="stmt" count="0"/>
        <line num="103" type="stmt" count="0"/>
        <line num="104" type="stmt" count="0"/>
        <line num="106" type="stmt" count="0"/>
        <line num="118" type="method" name="createAdmin" visibility="public" complexity="5" crap="5.23" count="1"/>
        <line num="119" type="stmt" count="1"/>
        <line num="120" type="stmt" count="1"/>
        <line num="121" type="stmt" count="1"/>
        <line num="122" type="stmt" count="0"/>
        <line num="124" type="stmt" count="1"/>
        <line num="125" type="stmt" count="0"/>
        <line num="127" type="stmt" count="1"/>
        <line num="129" type="stmt" count="1"/>
        <line num="130" type="stmt" count="1"/>
        <line num="132" type="stmt" count="0"/>
        <line num="133" type="stmt" count="0"/>
        <line num="135" type="stmt" count="1"/>
        <line num="136" type="stmt" count="1"/>
        <line num="137" type="stmt" count="0"/>
        <line num="140" type="stmt" count="1"/>
        <line num="141" type="stmt" count="1"/>
        <line num="142" type="stmt" count="1"/>
        <line num="143" type="stmt" count="1"/>
        <line num="144" type="stmt" count="1"/>
        <line num="145" type="stmt" count="1"/>
        <line num="146" type="stmt" count="1"/>
        <line num="147" type="stmt" count="1"/>
        <line num="148" type="stmt" count="1"/>
        <line num="149" type="stmt" count="1"/>
        <line num="160" type="method" name="deleteAdmin" visibility="public" complexity="5" crap="5.76" count="1"/>
        <line num="161" type="stmt" count="1"/>
        <line num="162" type="stmt" count="1"/>
        <line num="163" type="stmt" count="0"/>
        <line num="167" type="stmt" count="1"/>
        <line num="168" type="stmt" count="1"/>
        <line num="169" type="stmt" count="1"/>
        <line num="170" type="stmt" count="0"/>
        <line num="171" type="stmt" count="0"/>
        <line num="172" type="stmt" count="0"/>
        <line num="175" type="stmt" count="1"/>
        <line num="176" type="stmt" count="1"/>
        <line num="177" type="stmt" count="1"/>
        <line num="179" type="stmt" count="1"/>
        <line num="180" type="stmt" count="1"/>
        <line num="181" type="stmt" count="0"/>
        <line num="183" type="stmt" count="1"/>
        <line num="195" type="method" name="createUser" visibility="public" complexity="3" crap="3.03" count="1"/>
        <line num="196" type="stmt" count="1"/>
        <line num="197" type="stmt" count="1"/>
        <line num="198" type="stmt" count="0"/>
        <line num="200" type="stmt" count="1"/>
        <line num="201" type="stmt" count="0"/>
        <line num="203" type="stmt" count="1"/>
        <line num="204" type="stmt" count="1"/>
        <line num="205" type="stmt" count="1"/>
        <line num="206" type="stmt" count="1"/>
        <line num="207" type="stmt" count="1"/>
        <line num="208" type="stmt" count="1"/>
        <line num="209" type="stmt" count="1"/>
        <line num="210" type="stmt" count="1"/>
        <line num="211" type="stmt" count="1"/>
        <line num="222" type="method" name="deleteUser" visibility="public" complexity="2" crap="2.03" count="1"/>
        <line num="223" type="stmt" count="1"/>
        <line num="224" type="stmt" count="0"/>
        <line num="226" type="stmt" count="1"/>
        <line num="227" type="stmt" count="1"/>
        <line num="228" type="stmt" count="1"/>
        <line num="238" type="method" name="getUser" visibility="public" complexity="2" crap="2.06" count="1"/>
        <line num="239" type="stmt" count="1"/>
        <line num="240" type="stmt" count="0"/>
        <line num="242" type="stmt" count="1"/>
        <line num="243" type="stmt" count="1"/>
        <line num="252" type="method" name="getAllUsers" visibility="public" complexity="2" crap="2" count="1"/>
        <line num="253" type="stmt" count="1"/>
        <line num="254" type="stmt" count="1"/>
        <line num="255" type="stmt" count="1"/>
        <line num="257" type="stmt" count="1"/>
        <line num="268" type="method" name="addRoleToUser" visibility="public" complexity="5" crap="30" count="0"/>
        <line num="269" type="stmt" count="0"/>
        <line num="270" type="stmt" count="0"/>
        <line num="271" type="stmt" count="0"/>
        <line num="272" type="stmt" count="0"/>
        <line num="274" type="stmt" count="0"/>
        <line num="275" type="stmt" count="0"/>
        <line num="276" type="stmt" count="0"/>
        <line num="277" type="stmt" count="0"/>
        <line num="278" type="stmt" count="0"/>
        <line num="280" type="stmt" count="0"/>
        <line num="291" type="method" name="removeRoleFromUser" visibility="public" complexity="5" crap="30" count="0"/>
        <line num="292" type="stmt" count="0"/>
        <line num="293" type="stmt" count="0"/>
        <line num="294" type="stmt" count="0"/>
        <line num="295" type="stmt" count="0"/>
        <line num="297" type="stmt" count="0"/>
        <line num="298" type="stmt" count="0"/>
        <line num="299" type="stmt" count="0"/>
        <line num="300" type="stmt" count="0"/>
        <line num="301" type="stmt" count="0"/>
        <line num="303" type="stmt" count="0"/>
        <line num="313" type="method" name="getSecurity" visibility="public" complexity="4" crap="4.00" count="1"/>
        <line num="314" type="stmt" count="1"/>
        <line num="315" type="stmt" count="1"/>
        <line num="316" type="stmt" count="1"/>
        <line num="318" type="stmt" count="1"/>
        <line num="319" type="stmt" count="1"/>
        <line num="320" type="stmt" count="0"/>
        <line num="322" type="stmt" count="1"/>
        <line num="323" type="stmt" count="1"/>
        <line num="324" type="stmt" count="1"/>
        <line num="325" type="stmt" count="1"/>
        <line num="327" type="stmt" count="1"/>
        <line num="328" type="stmt" count="1"/>
        <line num="329" type="stmt" count="1"/>
        <line num="330" type="stmt" count="1"/>
        <line num="332" type="stmt" count="1"/>
        <line num="343" type="method" name="setSecurity" visibility="public" complexity="3" crap="3.10" count="1"/>
        <line num="344" type="stmt" count="1"/>
        <line num="345" type="stmt" count="0"/>
        <line num="347" type="stmt" count="1"/>
        <line num="348" type="stmt" count="1"/>
        <line num="349" type="stmt" count="1"/>
        <line num="351" type="stmt" count="1"/>
        <line num="352" type="stmt" count="1"/>
        <line num="353" type="stmt" count="1"/>
        <line num="355" type="stmt" count="0"/>
        <line num="365" type="method" name="addDatabaseMemberUser" visibility="public" complexity="6" crap="6.97" count="1"/>
        <line num="366" type="stmt" count="1"/>
        <line num="367" type="stmt" count="0"/>
        <line num="369" type="stmt" count="1"/>
        <line num="370" type="stmt" count="1"/>
        <line num="371" type="stmt" count="0"/>
        <line num="373" type="stmt" count="1"/>
        <line num="374" type="stmt" count="1"/>
        <line num="375" type="stmt" count="1"/>
        <line num="376" type="stmt" count="1"/>
        <line num="378" type="stmt" count="0"/>
        <line num="388" type="method" name="addDatabaseAdminUser" visibility="public" complexity="6" crap="6.97" count="1"/>
        <line num="389" type="stmt" count="1"/>
        <line num="390" type="stmt" count="0"/>
        <line num="392" type="stmt" count="1"/>
        <line num="393" type="stmt" count="1"/>
        <line num="394" type="stmt" count="0"/>
        <line num="396" type="stmt" count="1"/>
        <line num="397" type="stmt" count="1"/>
        <line num="398" type="stmt" count="1"/>
        <line num="399" type="stmt" count="1"/>
        <line num="401" type="stmt" count="0"/>
        <line num="409" type="method" name="getDatabaseAdminUsers" visibility="public" complexity="1" crap="1" count="1"/>
        <line num="410" type="stmt" count="1"/>
        <line num="411" type="stmt" count="1"/>
        <line num="419" type="method" name="getDatabaseMemberUsers" visibility="public" complexity="1" crap="1" count="1"/>
        <line num="420" type="stmt" count="1"/>
        <line num="421" type="stmt" count="1"/>
        <line num="431" type="method" name="removeDatabaseMemberUser" visibility="public" complexity="6" crap="42" count="0"/>
        <line num="432" type="stmt" count="0"/>
        <line num="433" type="stmt" count="0"/>
        <line num="435" type="stmt" count="0"/>
        <line num="436" type="stmt" count="0"/>
        <line num="437" type="stmt" count="0"/>
        <line num="439" type="stmt" count="0"/>
        <line num="440" type="stmt" count="0"/>
        <line num="441" type="stmt" count="0"/>
        <line num="442" type="stmt" count="0"/>
        <line num="444" type="stmt" count="0"/>
        <line num="454" type="method" name="removeDatabaseAdminUser" visibility="public" complexity="6" crap="42" count="0"/>
        <line num="455" type="stmt" count="0"/>
        <line num="456" type="stmt" count="0"/>
        <line num="458" type="stmt" count="0"/>
        <line num="459" type="stmt" count="0"/>
        <line num="460" type="stmt" count="0"/>
        <line num="462" type="stmt" count="0"/>
        <line num="463" type="stmt" count="0"/>
        <line num="464" type="stmt" count="0"/>
        <line num="465" type="stmt" count="0"/>
        <line num="467" type="stmt" count="0"/>
        <line num="479" type="method" name="addDatabaseMemberRole" visibility="public" complexity="6" crap="6.97" count="1"/>
        <line num="480" type="stmt" count="1"/>
        <line num="481" type="stmt" count="0"/>
        <line num="483" type="stmt" count="1"/>
        <line num="484" type="stmt" count="1"/>
        <line num="485" type="stmt" count="0"/>
        <line num="487" type="stmt" count="1"/>
        <line num="488" type="stmt" count="1"/>
        <line num="489" type="stmt" count="1"/>
        <line num="490" type="stmt" count="1"/>
        <line num="492" type="stmt" count="0"/>
        <line num="502" type="method" name="addDatabaseAdminRole" visibility="public" complexity="6" crap="6.97" count="1"/>
        <line num="503" type="stmt" count="1"/>
        <line num="504" type="stmt" count="0"/>
        <line num="506" type="stmt" count="1"/>
        <line num="507" type="stmt" count="1"/>
        <line num="508" type="stmt" count="0"/>
        <line num="510" type="stmt" count="1"/>
        <line num="511" type="stmt" count="1"/>
        <line num="512" type="stmt" count="1"/>
        <line num="513" type="stmt" count="1"/>
        <line num="515" type="stmt" count="0"/>
        <line num="523" type="method" name="getDatabaseAdminRoles" visibility="public" complexity="1" crap="1" count="1"/>
        <line num="524" type="stmt" count="1"/>
        <line num="525" type="stmt" count="1"/>
        <line num="533" type="method" name="getDatabaseMemberRoles" visibility="public" complexity="1" crap="1" count="1"/>
        <line num="534" type="stmt" count="1"/>
        <line num="535" type="stmt" count="1"/>
        <line num="545" type="method" name="removeDatabaseMemberRole" visibility="public" complexity="6" crap="42" count="0"/>
        <line num="546" type="stmt" count="0"/>
        <line num="547" type="stmt" count="0"/>
        <line num="549" type="stmt" count="0"/>
        <line num="550" type="stmt" count="0"/>
        <line num="551" type="stmt" count="0"/>
        <line num="553" type="stmt" count="0"/>
        <line num="554" type="stmt" count="0"/>
        <line num="555" type="stmt" count="0"/>
        <line num="556" type="stmt" count="0"/>
        <line num="558" type="stmt" count="0"/>
        <line num="568" type="method" name="removeDatabaseAdminRole" visibility="public" complexity="6" crap="42" count="0"/>
        <line num="569" type="stmt" count="0"/>
        <line num="570" type="stmt" count="0"/>
        <line num="572" type="stmt" count="0"/>
        <line num="573" type="stmt" count="0"/>
        <line num="574" type="stmt" count="0"/>
        <line num="576" type="stmt" count="0"/>
        <line num="577" type="stmt" count="0"/>
        <line num="578" type="stmt" count="0"/>
        <line num="579" type="stmt" count="0"/>
        <line num="581" type="stmt" count="0"/>
        <line num="586" type="method" name="_removeFromArray" visibility="private" complexity="3" crap="12" count="0"/>
        <line num="587" type="stmt" count="0"/>
        <line num="588" type="stmt" count="0"/>
        <line num="589" type="stmt" count="0"/>
        <line num="590" type="stmt" count="0"/>
        <line num="593" type="stmt" count="0"/>
        <metrics loc="596" ncloc="389" classes="1" methods="27" coveredmethods="7" conditionals="0" coveredconditionals="0" statements="229" coveredstatements="113" elements="256" coveredelements="120"/>
      </file>
      <file name="/home/alexis/repo/popojargo/PHP-on-Couch/src/CouchClient.php">
        <class name="CouchClient" namespace="PHPOnCouch">
          <metrics complexity="214" methods="37" coveredmethods="37" conditionals="0" coveredconditionals="0" statements="223" coveredstatements="223" elements="260" coveredelements="260"/>
        </class>
        <line num="113" type="method" name="__construct" visibility="public" complexity="12" crap="12" count="5"/>
        <line num="115" type="stmt" count="5"/>
        <line num="126" type="stmt" count="5"/>
        <line num="127" type="stmt" count="5"/>
        <line num="128" type="stmt" count="5"/>
        <line num="145" type="stmt" count="5"/>
        <line num="163" type="method" name="queryAndTest" visibility="protected" complexity="2" crap="2" count="5"/>
        <line num="165" type="stmt" count="5"/>
        <line num="166" type="stmt" count="5"/>
        <line num="167" type="stmt" count="5"/>
        <line num="168" type="stmt" count="5"/>
        <line num="169" type="stmt" count="5"/>
        <line num="171" type="stmt" count="1"/>
        <line num="181" type="method" name="__call" complexity="13" crap="13" count="1"/>
        <line num="182" type="stmt" count="1"/>
        <line num="185" type="stmt" count="1"/>
        <line num="187" type="stmt" count="1"/>
        <line num="188" type="stmt" count="1"/>
        <line num="211" type="stmt" count="1"/>
        <line num="236" type="method" name="useDatabase" visibility="public" complexity="3" crap="3" count="5"/>
        <line num="237" type="stmt" count="5"/>
        <line num="239" type="stmt" count="5"/>
        <line num="244" type="stmt" count="5"/>
        <line num="245" type="stmt" count="5"/>
        <line num="255" type="method" name="isValidDatabaseName" visibility="public" complexity="3" crap="3" count="6"/>
        <line num="256" type="stmt" count="6"/>
        <line num="258" type="stmt" count="6"/>
        <line num="259" type="stmt" count="6"/>
        <line num="260" type="stmt" count="1"/>
        <line num="277" type="method" name="createDatabase" visibility="public" complexity="1" crap="1" count="5"/>
        <line num="278" type="stmt" count="5"/>
        <line num="286" type="method" name="deleteDatabase" visibility="public" complexity="1" crap="1" count="6"/>
        <line num="287" type="stmt" count="6"/>
        <line num="295" type="method" name="getDatabaseInfos" visibility="public" complexity="1" crap="1" count="1"/>
        <line num="296" type="stmt" count="1"/>
        <line num="306" type="method" name="getDatabaseUri" visibility="public" complexity="1" crap="1" count="1"/>
        <line num="307" type="stmt" count="1"/>
        <line num="315" type="method" name="getDatabaseName" visibility="public" complexity="1" crap="1" count="1"/>
        <line num="316" type="stmt" count="1"/>
        <line num="336" type="method" name="databaseExists" visibility="public" complexity="3" crap="3" count="1"/>
        <line num="338" type="stmt" count="1"/>
        <line num="339" type="stmt" count="1"/>
        <line num="340" type="stmt" count="1"/>
        <line num="342" type="stmt" count="1"/>
        <line num="343" type="stmt" count="1"/>
        <line num="363" type="method" name="getMemberShip" visibility="public" complexity="1" crap="1" count="1"/>
        <line num="364" type="stmt" count="1"/>
        <line num="381" type="method" name="getConfig" visibility="public" complexity="8" crap="8" count="3"/>
        <line num="383" type="stmt" count="3"/>
        <line num="384" type="stmt" count="1"/>
        <line num="385" type="stmt" count="2"/>
        <line num="386" type="stmt" count="1"/>
        <line num="388" type="stmt" count="1"/>
        <line num="389" type="stmt" count="1"/>
        <line num="390" type="stmt" count="1"/>
        <line num="391" type="stmt" count="1"/>
        <line num="392" type="stmt" count="1"/>
        <line num="394" type="stmt" count="1"/>
        <line num="406" type="method" name="setConfig" visibility="public" complexity="4" crap="4" count="4"/>
        <line num="408" type="stmt" count="4"/>
        <line num="409" type="stmt" count="1"/>
        <line num="410" type="stmt" count="3"/>
        <line num="411" type="stmt" count="2"/>
        <line num="412" type="stmt" count="1"/>
        <line num="413" type="stmt" count="1"/>
        <line num="414" type="stmt" count="1"/>
        <line num="415" type="stmt" count="1"/>
        <line num="426" type="method" name="deleteConfig" visibility="public" complexity="4" crap="4" count="4"/>
        <line num="428" type="stmt" count="4"/>
        <line num="429" type="stmt" count="1"/>
        <line num="430" type="stmt" count="3"/>
        <line num="431" type="stmt" count="2"/>
        <line num="432" type="stmt" count="1"/>
        <line num="433" type="stmt" count="1"/>
        <line num="434" type="stmt" count="1"/>
        <line num="530" type="method" name="getDoc" visibility="public" complexity="4" crap="4" count="1"/>
        <line num="531" type="stmt" count="1"/>
        <line num="534" type="stmt" count="1"/>
        <line num="537" type="stmt" count="1"/>
        <line num="539" type="stmt" count="1"/>
        <line num="540" type="stmt" count="1"/>
        <line num="542" type="stmt" count="1"/>
        <line num="543" type="stmt" count="1"/>
        <line num="544" type="stmt" count="1"/>
        <line num="558" type="method" name="storeDoc" visibility="public" complexity="7" crap="7" count="2"/>
        <line num="559" type="stmt" count="2"/>
        <line num="560" type="stmt" count="1"/>
        <line num="561" type="stmt" count="1"/>
        <line num="562" type="stmt" count="1"/>
        <line num="564" type="stmt" count="1"/>
        <line num="565" type="stmt" count="1"/>
        <line num="567" type="stmt" count="1"/>
        <line num="568" type="stmt" count="1"/>
        <line num="569" type="stmt" count="1"/>
        <line num="570" type="stmt" count="1"/>
        <line num="571" type="stmt" count="1"/>
        <line num="573" type="stmt" count="1"/>
        <line num="585" type="method" name="storeDocs" visibility="public" complexity="5" crap="5" count="1"/>
        <line num="586" type="stmt" count="1"/>
        <line num="591" type="stmt" count="1"/>
        <line num="592" type="stmt" count="1"/>
        <line num="593" type="stmt" count="1"/>
        <line num="596" type="stmt" count="1"/>
        <line num="599" type="stmt" count="1"/>
        <line num="603" type="stmt" count="1"/>
        <line num="604" type="stmt" count="1"/>
        <line num="656" type="method" name="updateDoc" visibility="public" complexity="6" crap="6" count="1"/>
        <line num="657" type="stmt" count="1"/>
        <line num="659" type="stmt" count="1"/>
        <line num="662" type="stmt" count="1"/>
        <line num="663" type="stmt" count="1"/>
        <line num="665" type="stmt" count="1"/>
        <line num="666" type="stmt" count="1"/>
        <line num="668" type="stmt" count="1"/>
        <line num="687" type="method" name="updateDocFullAPI" visibility="public" complexity="13" crap="13" count="1"/>
        <line num="688" type="stmt" count="1"/>
        <line num="689" type="stmt" count="1"/>
        <line num="690" type="stmt" count="1"/>
        <line num="691" type="stmt" count="1"/>
        <line num="692" type="stmt" count="1"/>
        <line num="693" type="stmt" count="1"/>
        <line num="696" type="stmt" count="1"/>
        <line num="699" type="stmt" count="1"/>
        <line num="703" type="stmt" count="1"/>
        <line num="704" type="stmt" count="1"/>
        <line num="708" type="stmt" count="1"/>
        <line num="709" type="stmt" count="1"/>
        <line num="710" type="stmt" count="1"/>
        <line num="714" type="stmt" count="1"/>
        <line num="749" type="method" name="storeAsAttachment" visibility="public" complexity="4" crap="4" count="1"/>
        <line num="750" type="stmt" count="1"/>
        <line num="752" type="stmt" count="1"/>
        <line num="754" type="stmt" count="1"/>
        <line num="755" type="stmt" count="1"/>
        <line num="756" type="stmt" count="1"/>
        <line num="757" type="stmt" count="1"/>
        <line num="758" type="stmt" count="1"/>
        <line num="759" type="stmt" count="1"/>
        <line num="760" type="stmt" count="1"/>
        <line num="775" type="method" name="storeAttachment" visibility="public" complexity="6" crap="6" count="1"/>
        <line num="776" type="stmt" count="1"/>
        <line num="778" type="stmt" count="1"/>
        <line num="780" type="stmt" count="1"/>
        <line num="782" type="stmt" count="1"/>
        <line num="783" type="stmt" count="1"/>
        <line num="784" type="stmt" count="1"/>
        <line num="785" type="stmt" count="1"/>
        <line num="786" type="stmt" count="1"/>
        <line num="787" type="stmt" count="1"/>
        <line num="788" type="stmt" count="1"/>
        <line num="820" type="method" name="deleteDoc" visibility="public" complexity="4" crap="4" count="3"/>
        <line num="821" type="stmt" count="3"/>
        <line num="822" type="stmt" count="1"/>
        <line num="823" type="stmt" count="2"/>
        <line num="824" type="stmt" count="1"/>
        <line num="826" type="stmt" count="1"/>
        <line num="827" type="stmt" count="1"/>
        <line num="856" type="method" name="asArray" visibility="public" complexity="1" crap="1" count="1"/>
        <line num="857" type="stmt" count="1"/>
        <line num="858" type="stmt" count="1"/>
        <line num="859" type="stmt" count="1"/>
        <line num="972" type="method" name="getList" visibility="public" complexity="6" crap="6" count="1"/>
        <line num="973" type="stmt" count="1"/>
        <line num="975" type="stmt" count="1"/>
        <line num="977" type="stmt" count="1"/>
        <line num="978" type="stmt" count="1"/>
        <line num="979" type="stmt" count="1"/>
        <line num="980" type="stmt" count="1"/>
        <line num="982" type="stmt" count="1"/>
        <line num="985" type="stmt" count="1"/>
        <line num="1009" type="method" name="getForeignList" visibility="public" complexity="7" crap="7" count="1"/>
        <line num="1010" type="stmt" count="1"/>
        <line num="1012" type="stmt" count="1"/>
        <line num="1014" type="stmt" count="1"/>
        <line num="1015" type="stmt" count="1"/>
        <line num="1016" type="stmt" count="1"/>
        <line num="1017" type="stmt" count="1"/>
        <line num="1018" type="stmt" count="1"/>
        <line num="1020" type="stmt" count="1"/>
        <line num="1023" type="stmt" count="1"/>
        <line num="1037" type="method" name="getShow" visibility="public" complexity="4" crap="4" count="1"/>
        <line num="1038" type="stmt" count="1"/>
        <line num="1040" type="stmt" count="1"/>
        <line num="1041" type="stmt" count="1"/>
        <line num="1042" type="stmt" count="1"/>
        <line num="1043" type="stmt" count="1"/>
        <line num="1054" type="method" name="getViewInfos" visibility="public" complexity="2" crap="2" count="1"/>
        <line num="1055" type="stmt" count="1"/>
        <line num="1056" type="stmt" count="1"/>
        <line num="1057" type="stmt" count="1"/>
        <line num="1058" type="stmt" count="1"/>
        <line num="1069" type="method" name="compactViews" visibility="public" complexity="1" crap="1" count="1"/>
        <line num="1070" type="stmt" count="1"/>
        <line num="1071" type="stmt" count="1"/>
        <line num="1072" type="stmt" count="1"/>
        <line num="1082" type="method" name="compactAllViews" visibility="public" complexity="4" crap="4" count="1"/>
        <line num="1083" type="stmt" count="1"/>
        <line num="1084" type="stmt" count="1"/>
        <line num="1085" type="stmt" count="1"/>
        <line num="1086" type="stmt" count="1"/>
        <line num="1089" type="stmt" count="1"/>
        <line num="1097" type="method" name="getAllDocs" visibility="public" complexity="1" crap="1" count="1"/>
        <line num="1098" type="stmt" count="1"/>
        <line num="1099" type="stmt" count="1"/>
        <line num="1100" type="stmt" count="1"/>
        <line num="1111" type="method" name="getUuids" visibility="public" complexity="4" crap="4" count="1"/>
        <line num="1112" type="stmt" count="1"/>
        <line num="1113" type="stmt" count="1"/>
        <line num="1114" type="stmt" count="1"/>
        <line num="1116" type="stmt" count="1"/>
        <line num="1118" type="stmt" count="1"/>
        <line num="1119" type="stmt" count="1"/>
        <line num="1120" type="stmt" count="1"/>
        <line num="1130" type="method" name="ensureFullCommit" visibility="public" complexity="1" crap="1" count="1"/>
        <line num="1131" type="stmt" count="1"/>
        <line num="1132" type="stmt" count="1"/>
        <line num="1133" type="stmt" count="1"/>
        <line num="1147" type="method" name="createIndex" visibility="public" complexity="4" crap="4" count="1"/>
        <line num="1148" type="stmt" count="1"/>
        <line num="1151" type="stmt" count="1"/>
        <line num="1156" type="stmt" count="1"/>
        <line num="1157" type="stmt" count="1"/>
        <line num="1158" type="stmt" count="1"/>
        <line num="1159" type="stmt" count="1"/>
        <line num="1160" type="stmt" count="1"/>
        <line num="1161" type="stmt" count="1"/>
        <line num="1164" type="stmt" count="1"/>
        <line num="1165" type="stmt" count="1"/>
        <line num="1173" type="method" name="getIndexes" visibility="public" complexity="1" crap="1" count="1"/>
        <line num="1174" type="stmt" count="1"/>
        <line num="1175" type="stmt" count="1"/>
        <line num="1176" type="stmt" count="1"/>
        <line num="1177" type="stmt" count="1"/>
        <line num="1213" type="method" name="find" visibility="public" complexity="8" crap="8" count="1"/>
        <line num="1214" type="stmt" count="1"/>
        <line num="1215" type="stmt" count="1"/>
        <line num="1217" type="stmt" count="1"/>
        <line num="1221" type="stmt" count="1"/>
        <line num="1222" type="stmt" count="1"/>
        <line num="1223" type="stmt" count="1"/>
        <line num="1225" type="stmt" count="1"/>
        <line num="1226" type="stmt" count="1"/>
        <line num="1227" type="stmt" count="1"/>
        <line num="1229" type="stmt" count="1"/>
        <line num="1230" type="stmt" count="1"/>
        <line num="1231" type="stmt" count="1"/>
        <line num="1233" type="stmt" count="1"/>
        <line num="1235" type="stmt" count="1"/>
        <line num="1236" type="stmt" count="1"/>
        <line num="1254" type="method" name="explain" visibility="public" complexity="8" crap="8" count="1"/>
        <line num="1255" type="stmt" count="1"/>
        <line num="1256" type="stmt" count="1"/>
        <line num="1258" type="stmt" count="1"/>
        <line num="1262" type="stmt" count="1"/>
        <line num="1264" type="stmt" count="1"/>
        <line num="1266" type="stmt" count="1"/>
        <line num="1270" type="stmt" count="1"/>
        <line num="1274" type="stmt" count="1"/>
        <line num="1275" type="stmt" count="1"/>
        <line num="1276" type="stmt" count="1"/>
        <metrics loc="1279" ncloc="715" classes="1" methods="37" coveredmethods="37" conditionals="0" coveredconditionals="0" statements="223" coveredstatements="223" elements="260" coveredelements="260"/>
      </file>
      <file name="/home/alexis/repo/popojargo/PHP-on-Couch/src/CouchDocument.php">
        <class name="CouchDocument" namespace="PHPOnCouch">
          <metrics complexity="54" methods="6" coveredmethods="6" conditionals="0" coveredconditionals="0" statements="31" coveredstatements="31" elements="37" coveredelements="37"/>
        </class>
        <line num="44" type="method" name="__construct" complexity="1" crap="1" count="1"/>
        <line num="45" type="stmt" count="1"/>
        <line num="46" type="stmt" count="1"/>
        <line num="47" type="stmt" count="1"/>
        <line num="48" type="stmt" count="1"/>
        <line num="49" type="stmt" count="1"/>
        <line num="164" type="method" name="get" visibility="public" complexity="3" crap="3" count="1"/>
        <line num="165" type="stmt" count="1"/>
        <line num="166" type="stmt" count="1"/>
        <line num="168" type="stmt" count="1"/>
        <line num="192" type="method" name="setOne" visibility="protected" complexity="7" crap="7" count="1"/>
        <line num="193" type="stmt" count="1"/>
        <line num="194" type="stmt" count="1"/>
        <line num="196" type="stmt" count="1"/>
        <line num="198" type="stmt" count="1"/>
        <line num="200" type="stmt" count="1"/>
        <line num="202" type="stmt" count="1"/>
        <line num="203" type="stmt" count="1"/>
        <line num="211" type="method" name="record" visibility="public" complexity="3" crap="3" count="1"/>
        <line num="212" type="stmt" count="1"/>
        <line num="213" type="stmt" count="1"/>
        <line num="214" type="stmt" count="1"/>
        <line num="217" type="stmt" count="1"/>
        <line num="218" type="stmt" count="1"/>
        <line num="219" type="stmt" count="1"/>
        <line num="220" type="stmt" count="1"/>
        <line num="243" type="method" name="set" visibility="public" complexity="6" crap="6" count="1"/>
        <line num="245" type="stmt" count="1"/>
        <line num="246" type="stmt" count="1"/>
        <line num="250" type="stmt" count="1"/>
        <line num="251" type="stmt" count="1"/>
        <line num="254" type="stmt" count="1"/>
        <line num="256" type="stmt" count="1"/>
        <line num="257" type="stmt" count="1"/>
        <line num="259" type="stmt" count="1"/>
        <line num="273" type="method" name="__set" visibility="public" complexity="1" crap="1" count="1"/>
        <line num="274" type="stmt" count="1"/>
        <metrics loc="452" ncloc="212" classes="1" methods="6" coveredmethods="6" conditionals="0" coveredconditionals="0" statements="31" coveredstatements="31" elements="37" coveredelements="37"/>
      </file>
      <file name="/home/alexis/repo/popojargo/PHP-on-Couch/src/CouchReplicator.php">
        <class name="CouchReplicator" namespace="PHPOnCouch">
          <metrics complexity="14" methods="10" coveredmethods="0" conditionals="0" coveredconditionals="0" statements="30" coveredstatements="0" elements="40" coveredelements="0"/>
        </class>
        <line num="48" type="method" name="__construct" complexity="1" crap="2" count="0"/>
        <line num="49" type="stmt" count="0"/>
        <line num="50" type="stmt" count="0"/>
        <line num="57" type="method" name="createTarget" visibility="public" complexity="1" crap="2" count="0"/>
        <line num="58" type="stmt" count="0"/>
        <line num="59" type="stmt" count="0"/>
        <line num="67" type="method" name="continuous" visibility="public" complexity="1" crap="2" count="0"/>
        <line num="68" type="stmt" count="0"/>
        <line num="69" type="stmt" count="0"/>
        <line num="79" type="method" name="cancel" visibility="public" complexity="1" crap="2" count="0"/>
        <line num="80" type="stmt" count="0"/>
        <line num="81" type="stmt" count="0"/>
        <line num="90" type="method" name="doc_ids" visibility="public" complexity="1" crap="2" count="0"/>
        <line num="91" type="stmt" count="0"/>
        <line num="92" type="stmt" count="0"/>
        <line num="103" type="method" name="filter" visibility="public" complexity="1" crap="2" count="0"/>
        <line num="104" type="stmt" count="0"/>
        <line num="105" type="stmt" count="0"/>
        <line num="114" type="method" name="query_params" visibility="public" complexity="1" crap="2" count="0"/>
        <line num="115" type="stmt" count="0"/>
        <line num="116" type="stmt" count="0"/>
        <line num="125" type="method" name="to" visibility="public" complexity="1" crap="2" count="0"/>
        <line num="126" type="stmt" count="0"/>
        <line num="127" type="stmt" count="0"/>
        <line num="128" type="stmt" count="0"/>
        <line num="137" type="method" name="from" visibility="public" complexity="1" crap="2" count="0"/>
        <line num="138" type="stmt" count="0"/>
        <line num="139" type="stmt" count="0"/>
        <line num="140" type="stmt" count="0"/>
        <line num="143" type="method" name="_launch" visibility="private" complexity="5" crap="30" count="0"/>
        <line num="144" type="stmt" count="0"/>
        <line num="145" type="stmt" count="0"/>
        <line num="146" type="stmt" count="0"/>
        <line num="147" type="stmt" count="0"/>
        <line num="149" type="stmt" count="0"/>
        <line num="150" type="stmt" count="0"/>
        <line num="151" type="stmt" count="0"/>
        <line num="154" type="stmt" count="0"/>
        <line num="155" type="stmt" count="0"/>
        <line num="157" type="stmt" count="0"/>
        <metrics loc="160" ncloc="77" classes="1" methods="10" coveredmethods="0" conditionals="0" coveredconditionals="0" statements="30" coveredstatements="0" elements="40" coveredelements="0"/>
      </file>
      <file name="/home/alexis/repo/popojargo/PHP-on-Couch/src/autoload.php">
        <class name="Autoload" namespace="PHPOnCouch">
          <metrics complexity="3" methods="1" coveredmethods="0" conditionals="0" coveredconditionals="0" statements="8" coveredstatements="0" elements="9" coveredelements="0"/>
        </class>
        <line num="13" type="method" name="autoload" visibility="public" complexity="3" crap="12" count="0"/>
        <line num="15" type="stmt" count="0"/>
        <line num="16" type="stmt" count="0"/>
        <line num="17" type="stmt" count="0"/>
        <line num="18" type="stmt" count="0"/>
        <line num="19" type="stmt" count="0"/>
        <line num="23" type="stmt" count="0"/>
        <line num="24" type="stmt" count="0"/>
        <line num="27" type="stmt" count="0"/>
        <line num="31" type="stmt" count="0"/>
        <line num="32" type="stmt" count="0"/>
        <metrics loc="32" ncloc="23" classes="1" methods="1" coveredmethods="0" conditionals="0" coveredconditionals="0" statements="10" coveredstatements="0" elements="11" coveredelements="0"/>
      </file>
    </package>
    <package name="PHPOnCouch\Exceptions">
      <file name="/home/alexis/repo/popojargo/PHP-on-Couch/src/Exceptions/CouchConflictException.php">
        <class name="CouchConflictException" namespace="PHPOnCouch\Exceptions">
          <metrics complexity="0" methods="0" coveredmethods="0" conditionals="0" coveredconditionals="0" statements="0" coveredstatements="0" elements="0" coveredelements="0"/>
        </class>
        <metrics loc="29" ncloc="8" classes="0" methods="0" coveredmethods="0" conditionals="0" coveredconditionals="0" statements="0" coveredstatements="0" elements="0" coveredelements="0"/>
      </file>
      <file name="/home/alexis/repo/popojargo/PHP-on-Couch/src/Exceptions/CouchException.php">
        <class name="CouchException" namespace="PHPOnCouch\Exceptions">
          <metrics complexity="20" methods="4" coveredmethods="0" conditionals="0" coveredconditionals="0" statements="39" coveredstatements="13" elements="43" coveredelements="13"/>
        </class>
        <line num="55" type="method" name="__construct" complexity="6" crap="6.05" count="1"/>
        <line num="56" type="stmt" count="1"/>
        <line num="57" type="stmt" count="1"/>
        <line num="58" type="stmt" count="1"/>
        <line num="60" type="stmt" count="0"/>
        <line num="61" type="stmt" count="1"/>
        <line num="62" type="stmt" count="1"/>
        <line num="63" type="stmt" count="1"/>
        <line num="64" type="stmt" count="1"/>
        <line num="65" type="stmt" count="1"/>
        <line num="75" type="method" name="factory" visibility="public" complexity="7" crap="14.95" count="1"/>
        <line num="76" type="stmt" count="1"/>
        <line num="77" type="stmt" count="0"/>
        <line num="78" type="stmt" count="1"/>
        <line num="79" type="stmt" count="0"/>
        <line num="80" type="stmt" count="1"/>
        <line num="81" type="stmt" count="1"/>
        <line num="82" type="stmt" count="1"/>
        <line num="83" type="stmt" count="0"/>
        <line num="84" type="stmt" count="0"/>
        <line num="85" type="stmt" count="0"/>
        <line num="87" type="stmt" count="0"/>
        <line num="99" type="method" name="getBody" visibility="public" complexity="2" crap="6" count="0"/>
        <line num="100" type="stmt" count="0"/>
        <line num="101" type="stmt" count="0"/>
        <line num="102" type="stmt" count="0"/>
        <line num="119" type="method" name="parseRawResponse" visibility="public" complexity="5" crap="30" count="0"/>
        <line num="120" type="stmt" count="0"/>
        <line num="121" type="stmt" count="0"/>
        <line num="122" type="stmt" count="0"/>
        <line num="123" type="stmt" count="0"/>
        <line num="125" type="stmt" count="0"/>
        <line num="126" type="stmt" count="0"/>
        <line num="127" type="stmt" count="0"/>
        <line num="128" type="stmt" count="0"/>
        <line num="129" type="stmt" count="0"/>
        <line num="130" type="stmt" count="0"/>
        <line num="131" type="stmt" count="0"/>
        <line num="132" type="stmt" count="0"/>
        <line num="133" type="stmt" count="0"/>
        <line num="134" type="stmt" count="0"/>
        <line num="136" type="stmt" count="0"/>
        <line num="138" type="stmt" count="0"/>
        <metrics loc="156" ncloc="75" classes="1" methods="4" coveredmethods="0" conditionals="0" coveredconditionals="0" statements="39" coveredstatements="13" elements="43" coveredelements="13"/>
      </file>
      <file name="/home/alexis/repo/popojargo/PHP-on-Couch/src/Exceptions/CouchExpectationException.php">
        <class name="CouchExpectationException" namespace="PHPOnCouch\Exceptions">
          <metrics complexity="0" methods="0" coveredmethods="0" conditionals="0" coveredconditionals="0" statements="0" coveredstatements="0" elements="0" coveredelements="0"/>
        </class>
        <metrics loc="29" ncloc="6" classes="0" methods="0" coveredmethods="0" conditionals="0" coveredconditionals="0" statements="0" coveredstatements="0" elements="0" coveredelements="0"/>
      </file>
      <file name="/home/alexis/repo/popojargo/PHP-on-Couch/src/Exceptions/CouchForbiddenException.php">
        <class name="CouchForbiddenException" namespace="PHPOnCouch\Exceptions">
          <metrics complexity="0" methods="0" coveredmethods="0" conditionals="0" coveredconditionals="0" statements="0" coveredstatements="0" elements="0" coveredelements="0"/>
        </class>
        <metrics loc="29" ncloc="6" classes="0" methods="0" coveredmethods="0" conditionals="0" coveredconditionals="0" statements="0" coveredstatements="0" elements="0" coveredelements="0"/>
      </file>
      <file name="/home/alexis/repo/popojargo/PHP-on-Couch/src/Exceptions/CouchNoResponseException.php">
        <class name="CouchNoResponseException" namespace="PHPOnCouch\Exceptions">
          <metrics complexity="0" methods="0" coveredmethods="0" conditionals="0" coveredconditionals="0" statements="0" coveredstatements="0" elements="0" coveredelements="0"/>
        </class>
        <metrics loc="29" ncloc="6" classes="0" methods="0" coveredmethods="0" conditionals="0" coveredconditionals="0" statements="0" coveredstatements="0" elements="0" coveredelements="0"/>
      </file>
      <file name="/home/alexis/repo/popojargo/PHP-on-Couch/src/Exceptions/CouchNotFoundException.php">
        <class name="CouchNotFoundException" namespace="PHPOnCouch\Exceptions">
          <metrics complexity="0" methods="0" coveredmethods="0" conditionals="0" coveredconditionals="0" statements="0" coveredstatements="0" elements="0" coveredelements="0"/>
        </class>
        <metrics loc="29" ncloc="6" classes="0" methods="0" coveredmethods="0" conditionals="0" coveredconditionals="0" statements="0" coveredstatements="0" elements="0" coveredelements="0"/>
      </file>
      <file name="/home/alexis/repo/popojargo/PHP-on-Couch/src/Exceptions/CouchUnauthorizedException.php">
        <class name="CouchUnauthorizedException" namespace="PHPOnCouch\Exceptions">
          <metrics complexity="0" methods="0" coveredmethods="0" conditionals="0" coveredconditionals="0" statements="0" coveredstatements="0" elements="0" coveredelements="0"/>
        </class>
        <metrics loc="29" ncloc="6" classes="0" methods="0" coveredmethods="0" conditionals="0" coveredconditionals="0" statements="0" coveredstatements="0" elements="0" coveredelements="0"/>
      </file>
    </package>
    <metrics files="17" loc="3800" ncloc="2056" classes="10" methods="122" coveredmethods="56" conditionals="0" coveredconditionals="0" statements="836" coveredstatements="447" elements="958" coveredelements="503"/>
  </project>
</coverage>
